1603690905744	geckodriver	INFO	Listening on 127.0.0.1:55539
1603690908769	mozrunner::runner	INFO	Running command: "C:\\Program Files\\Mozilla Firefox\\firefox.exe" "--marionette" "-foreground" "-no-remote" "-profile" "C:\\Users\\javi1\\AppData\\Local\\Temp\\rust_mozprofileBg3ZOr"
Can't find symbol 'eglSwapBuffersWithDamageEXT'.
JavaScript error: resource://gre/modules/XULStore.jsm, line 66: Error: Can't find profile directory.
console.warn: SearchSettings: "get: No settings file exists, new profile?" (new Error("", "(unknown module)"))
1603690911676	Marionette	INFO	Listening on port 55549
1603690911997	Marionette	WARN	TLS certificate errors will be ignored for this session
1603690930298	Marionette	INFO	Stopped listening on port 55549

###!!! [Child][RunMessage] Error: Channel closing: too late to send/recv, messages will be lost


###!!! [Child][MessageChannel::SendAndWait] Error: Channel error: cannot send/recv

1603690961383	geckodriver	INFO	Listening on 127.0.0.1:55606
1603690964437	mozrunner::runner	INFO	Running command: "C:\\Program Files\\Mozilla Firefox\\firefox.exe" "--marionette" "-foreground" "-no-remote" "-profile" "C:\\Users\\javi1\\AppData\\Local\\Temp\\rust_mozprofilecjtX49"
Can't find symbol 'eglSwapBuffersWithDamageEXT'.
JavaScript error: resource://gre/modules/XULStore.jsm, line 66: Error: Can't find profile directory.
console.warn: SearchSettings: "get: No settings file exists, new profile?" (new Error("", "(unknown module)"))
1603690967016	Marionette	INFO	Listening on port 55614
1603690967110	Marionette	WARN	TLS certificate errors will be ignored for this session

###!!! [Child][MessageChannel] Error: (msgtype=0x59000E,name=PHttpChannel::Msg___delete__) Channel closing: too late to send/recv, messages will be lost


###!!! [Child][MessageChannel] Error: (msgtype=0x690027,name=PNecko::Msg_RemoveRequestContext) Channel closing: too late to send/recv, messages will be lost


###!!! [Child][RunMessage] Error: Channel closing: too late to send/recv, messages will be lost


###!!! [Child][RunMessage] Error: Channel closing: too late to send/recv, messages will be lost

1603690985867	Marionette	INFO	Stopped listening on port 55614

###!!! [Child][RunMessage] Error: Channel closing: too late to send/recv, messages will be lost


###!!! [Child][MessageChannel::SendAndWait] Error: Channel error: cannot send/recv

1603691014013	geckodriver	INFO	Listening on 127.0.0.1:55671
1603691017059	mozrunner::runner	INFO	Running command: "C:\\Program Files\\Mozilla Firefox\\firefox.exe" "--marionette" "-foreground" "-no-remote" "-profile" "C:\\Users\\javi1\\AppData\\Local\\Temp\\rust_mozprofileBUds3l"
Can't find symbol 'eglSwapBuffersWithDamageEXT'.
JavaScript error: resource://gre/modules/XULStore.jsm, line 66: Error: Can't find profile directory.
console.warn: SearchSettings: "get: No settings file exists, new profile?" (new Error("", "(unknown module)"))
1603691020192	Marionette	INFO	Listening on port 55679
1603691020255	Marionette	WARN	TLS certificate errors will be ignored for this session
1603691102501	Marionette	INFO	Stopped listening on port 55679

###!!! [Child][RunMessage] Error: Channel closing: too late to send/recv, messages will be lost


###!!! [Child][MessageChannel::SendAndWait] Error: Channel error: cannot send/recv

1603691196938	geckodriver	INFO	Listening on 127.0.0.1:55760
1603691199968	mozrunner::runner	INFO	Running command: "C:\\Program Files\\Mozilla Firefox\\firefox.exe" "--marionette" "-foreground" "-no-remote" "-profile" "C:\\Users\\javi1\\AppData\\Local\\Temp\\rust_mozprofileNv3OjC"
Can't find symbol 'eglSwapBuffersWithDamageEXT'.
JavaScript error: resource://gre/modules/XULStore.jsm, line 66: Error: Can't find profile directory.
console.warn: SearchSettings: "get: No settings file exists, new profile?" (new Error("", "(unknown module)"))
1603691202907	Marionette	INFO	Listening on port 55768
1603691203152	Marionette	WARN	TLS certificate errors will be ignored for this session
1603691342139	Marionette	INFO	Stopped listening on port 55768

###!!! [Child][RunMessage] Error: Channel closing: too late to send/recv, messages will be lost


###!!! [Child][MessageChannel::SendAndWait] Error: Channel error: cannot send/recv

Temp\\rust_mozprofileAHyR9I"
Can't find symbol 'eglSwapBuffersWithDamageEXT'.
JavaScript error: resource://gre/modules/XULStore.jsm, line 66: Error: Can't find profile directory.
console.warn: SearchSettings: "get: No settings file exists, new profile?" (new Error("", "(unknown module)"))
1603691323071	Marionette	INFO	Listening on port 55832
1603691323315	Marionette	WARN	TLS certificate errors will be ignored for this session
JavaScript error: , line 0: NS_ERROR_NOT_AVAILABLE

###!!! [Child][RunMessage] Error: Channel closing: too late to send/recv, messages will be lost

1603730364377	Marionette	INFO	Stopped listening on port 55832

###!!! [Child][RunMessage] Error: Channel closing: too late to send/recv, messages will be lost


###!!! [Child][MessageChannel::SendAndWait] Error: Channel error: cannot send/recv

urce://gre/modules/XULStore.jsm, line 66: Error: Can't find profile directory.
console.warn: SearchSettings: "get: No settings file exists, new profile?" (new Error("", "(unknown module)"))
1603730366014	Marionette	INFO	Listening on port 49943
1603730366260	Marionette	WARN	TLS certificate errors will be ignored for this session
SourceActor threw an exception: [Exception... "Component returned failure code: 0x80470002 (NS_BASE_STREAM_CLOSED) [nsIInputStream.available]"  nsresult: "0x80470002 (NS_BASE_STREAM_CLOSED)"  location: "JS frame :: resource://devtools/shared/DevToolsUtils.js :: onResponse :: line 567"  data: no]
Stack: onResponse@resource://devtools/shared/DevToolsUtils.js:567:34
onStopRequest@resource://gre/modules/NetUtil.jsm:128:18
Line: 567, column: 0
console.error: ({})
JavaScript error: resource://devtools/shared/DevToolsUtils.js, line 567: NS_BASE_STREAM_CLOSED: Component returned failure code: 0x80470002 (NS_BASE_STREAM_CLOSED) [nsIInputStream.available]
JavaScript error: resource://gre/modules/addonManager.js, line 256: NS_ERROR_NOT_INITIALIZED
1603730494221	Marionette	INFO	Stopped listening on port 49941603730495027	mozrunner::runner	INFO	Running command: "C:\\Program Files\\Mozilla Firefox\\firefox.exe" "--marionette" "-foreground" "-no-remote" "-profile" "C:\\Users\\javi1\\AppData\\Local\\Temp\\rust_mozprofileTrhSwx"
Can't find symbol 'eglSwapBuffersWithDamageEXT'.
JavaScript error: resource://gre/modules/XULStore.jsm, line 66: Error: Can't find profile directory.
console.warn: SearchSettings: "get: No settings file exists, new profile?" (new Error("", "(unknown module)"))
1603730500146	Marionette	INFO	Listening on port 50051
1603730500687	Marionette	WARN	TLS certificate errors will be ignored for this session
[Child 15944, Chrome_ChildThread] WARNING: pipe error: 232: file /builds/worker/checkouts/gecko/ipc/chromium/src/chrome/common/ipc_channel_win.cc, line 545
[Child 15944, Chrome_ChildThread] WARNING: pipe error: 232: file /builds/worker/checkouts/gecko/ipc/chromium/src/chrome/common/ipc_channel_win.cc, line 545
[Child 15944, Chrome_ChildThread] WARNING: pipe error: 232: file /builds/worker/checkouts/gecko/ipc/chromium/src/chrome/common/ipc_channel_win.cc, line 545
[Child 15944, Chrome_ChildThread] WARNING: pipe error: 232: file /builds/worker/checkouts/gecko/ipc/chromium/src/chrome/common/ipc_channel_win.cc, line 545
1603730540275	Marionette	INFO	Stopped listening on port 5001603730599320	Marionette	INFO	Stopped listening on port 50122

###!!! [Child][RunMessage] Error: Channel closing: too late to send/recv, messages will be lost


###!!! [Child][MessageChannel::SendAndWait] Error: Channel error: cannot send/recv

1603730620697	geckodriver	INFO	Listening on 127.0.0.1:50196
1603730623802	mozrunner::runner	INFO	Running command: "C:\\Program Files\\Mozilla Firefox\\firefox.exe" "--marionette" "-foreground" "-no-remote" "-profile" "C:\\Users\\javi1\\AppData\\Local\\Temp\\rust_mozprofilem0SGSa"
Can't find symbol 'eglSwapBuffersWithDamageEXT'.
JavaScript error: resource://gre/modules/XULStore.jsm, line 66: Error: Can't find profile directory.
console.warn: SearchSettings: "get: No settings file exists, new profile?" (new Error("", "(unknown module)"))
1603730629426	Marionette	INFO	Listening on port 50206
1603730629643	Marionette	WARN	TLS certificate errors will be ignored for this session
SourceActor threw an exception: [Exception... "Component returned failure code: 0x80470002 (NS_BASE_STREAM_CLOSED) [nsIInputStream.available]"  nsresult: "0x80470002 (NS_BASE_STREAM_CLOSED)"  location: "JS frame :: resource://devtools/shared/DevToolsUtils.js :: onResponse :: line 567"  data: no]
Stack: onResponse@resource://devtools/shared/DevToolsUtils.js:567:34
onStopRequest@resource://gre/modules/NetUtil.jsm:128:18
Line: 567, column: 0
console.error: ({})
JavaScript error: resource://devtools/shared/DevToolsUtils.js, line 567: NS_BASE_STREAM_CLOSED: Component returned failure code: 0x80470002 (NS_BASE_STREAM_CLOSED) [nsIInputStream.available]

###!!! [Child][RunMessage] Error: Channel closing: too lat1603730678349	mozrunner::runner	INFO	Running command: "C:\\Program Files\\Mozilla Firefox\\firefox.exe" 
###!!! [Child][MessageChannel::SendAndWait] Error: Channel error: cannot send/recv

Temp\\rust_mozprofileQbvMaN"
Can't find symbol 'eglSwapBuffersWithDamageEXT'.
JavaScript error: resource://gre/modules/XULStore.jsm, line 66: Error: Can't find profile directory.
console.warn: SearchSettings: "get: No settings file exists, new profile?" (new Error("", "(unknown module)"))
1603730683744	Marionette	INFO	Listening on port 50277
1603730683917	Marionette	WARN	TLS certificate errors will be ignored for this session
1603730716534	Marionette	INFO	Stopped listening on port 50277

###!!! [Child][RunMessage] Error: Channel closing: too late to send/recv, messages will be lost


###!!! [Child][MessageChannel::SendAndWait] Error: Channel error: cannot send/recv

1603731011054	geckodriver	INFO	Listening on 127.0.0.1:50433
1603731014149	mozrunner::runner	INFO	Running command: "C:\\Program Files\\Mozilla Firefox\\firefox.exe" "--marionette" "-foreground" "-no-remote" "-profile" "C:\\Users\\javi1\\AppData\\Local\\Temp\\rust_mozprofilecg7Spn"
Can't find symbol 'eglSwapBuffersWithDamageEXT'.
JavaScript error: resource://gre/modules/XULStore.jsm, line 66: Error: Can't find profile directory.
console.warn: SearchSettings: "get: No settings file exists, new profile?" (new Error("", "(unknown module)"))
1603731021511	Marionette	INFO	Listening on port 50441
1603731021831	Marionette	WARN	TLS certificate errors will be ignored for this session
SourceActor threw an exception: [Exception... "Component returned failure code: 0x80470002 (NS_BASE_STREAM_CLOSED) [nsIInputStream.available]"  nsresult: "0x80470002 (NS_BASE_STREAM_CLOSED)"  location: "JS frame :: resource://devtools/shared/DevToolsUtils.js :: onResponse :: line 567"  data: no]
Stack: onResponse@resource://devtools/shared/DevToolsUtils.js:567:34
onStopRequest@resource://gre/modules/NetUtil.jsm:128:18
Line: 567, column: 0
console.error: ({})
JavaScript error: resource://devtools/shared/DevToolsUtils.js, line 567: NS_BASE_STREAM_CLOSED: Component returned failure code: 0x80470002 (NS_BASE_STREAM_CLOSED) [nsIInputStream.available]
JavaScript error: resource://devtools/shared/protocol/Front.js, line 98: Error: Connection closed, pending request to server0.conn0.child2/domnode69, type setNodeValue failed

Request stack:
request@resource://devtools/shared/protocol/Front.js:274:14
generateRequestMethods/</frontProto[name]@resource://devtools/shared/protocoJavaScript error: resource://gre/modules/XULStore.jsm, line 66: Error: Can't find profile directory.
console.warn: SearchSettings: "get: No settings file exists, new profile?" (new Error("", "(unknown module)"))

###!!! [Child][RunMessage] Error: Channel closing: too late to send/recv, messages will be lost

1603731154764	Marionette	INFO	Listening on port 50514
1603731155262	Marionette	WARN	TLS certificate errors will be ignored for this session
1603731181949	Marionette	INFO	Stopped listening on port 50514

###!!! [Child][MessageChannel::SendAndWait] Error: Channel error: cannot send/recv

ce://gre/modules/Promise-backend.js:809:12
completePromise@resource://gre/modules/Promise-backend.js:741:12


###!!! [Child][RunMessage] Error: Channel closing: too late to send/recv, messages will be lost


###!!! [Child][RunMessage] Error: Channel closing: too late to send/recv, messages will be lost

1603731151500	Marionette	INFO	Stopped listening on port 50441

###!!! [Child][RunMessage] Error: Channel closing: too late to send/recv, messages will be lost


###!!! [Child][MessageChannel::SendAndWait] Error: Channel error: cannot send/recv

1603731189893	geckodriver	INFO	Listening on 127.0.0.1:50574
1603731192951	mozrunner::runner	INFO	Running command: "C:\\Program Files\\Mozilla Firefox\\firefox.exe" "--marionette" "-foreground" "-no-remote" "-profile" "C:\\Users\\javi1\\AppData\\Local\\Temp\\rust_mozprofiledB8JVu"
Can't find symbol 'eglSwapBuffersWithDamageEXT'.
JavaScript error: resource://gre/modules/XULStore.jsm, line 66: Error: Can't find profile directory.
console.warn: SearchSettings: "get: No settings file exists, new profile?" (new Error("", "(unknown module)"))
1603731202010	Marionette	INFO	Listening on port 50582
1603731202428	Marionette	WARN	TLS certificate errors will be ignored for this session
SourceActor threw an exception: [Exception... "Component returned failure code: 0x80470002 (NS_BASE_STREAM_CLOSED) [nsIInputStream.available]"  nsresult: "0x80470002 (NS_BASE_STREAM_CLOSED)"  location: "JS frame :: resource://devtools/shared/DevToolsUtils.js :: onResponse :: line 567"  data: no]
Stack: onResponse@resource://devtools/shared/DevToolsUtils.js:567:34
onStopRequest@resource://gre/modules/NetUtil.jsm:128:18
Line: 567, column: 0
console.error: ({})
JavaScript error: resource://devtools/shared/DevToolsUtils.js, line 567: NS_BASE_STREAM_CLOSED: Component returned failure code: 0x80470002 (NS_BASE_STREAM_CLOSED) [nsIInputStream.available]
JavaScript error: chrome://marionette/content/proxy.js, line1603731356860	mozrunner::runner	INFO	Running command: "C:\\Program Files\\Mozilla Firefox\\firefox.exe" "--marionette" "-foreground" "-no-remote" "-profile" "C:\\Users\\javi1\\AppData\\Local\\Temp\\rust_mozprofileYbs1us"
Can't find symbol 'eglSwapBuffersWithDamageEXT'.
JavaScript error: resource://gre/modules/XULStore.jsm, line 66: Error: Can't find profile directory.
console.warn: SearchSettings: "get: No settings file exists, new profile?" (new Error("", "(unknown module)"))
1603731371759	Marionette	INFO	Listening on port 50661
1603731372051	Marionette	WARN	TLS certificate errors will be ignored for this session
JavaScript error: chrome://marionette/content/proxy.js, line1603731434002	mozrunner::runner	INFO	Running command: "C:\\Pr
###!!! [Child][RunMessage] Error: Channel closing: too late to send/recv, messages will be lost

1603731441176	Marionette	INFO	Stopped listening on port 50661

###!!! [Child][RunMessage] Error: Channel clJavaScript error: resource://gre/modules/XULStore.jsm, 
###!!! [Child][MessageChannel::SendAndWait] Econsole.warn: SearchSettings: "get: No settings file exists, new profile?" (new Error("", "(unknown module)"))
1603731454074	Marionette	INFO	Listening on port 50739
1603731454376	Marionette	WARN	TLS certificate errors will be ignored for this session
JavaScript error: chrome://marionette/content/proxy.js, line 218: TypeError: this.browser.driver.dialogObserver is null

###!!! [Child][MessageChannel] Error: (msgtype=0x690027,name=PNecko::Msg_RemoveRequestContext) Channel closing: too late to send/recv, messages will be lost


###!!! [Child][MessageChannel] Error: (msgtype=0x380144,name=PContent::Msg_ScriptError) Channel closing: too late to send/recv, messages will be lost


###!!! [Child][MessageChannel] Error: (msgtype=0xB40006,name=PWebSocket::Msg_DeleteSelf) Channel closing: too late to send/recv, messages will be lost

1603731640315	Marionette	INFO	Stopped listening on port 50739

###!!! [Child][RunMessage] E1603731640854	Marionette	INFO	Stopped listening on port 50859

###!!! [Child][RunMessage] Error: Channel closing: too late to send/recv, messages will be lost


###!!! [Child][MessageChannel::SendAndWait] Error: Channel error: cannot send/recv

Temp\\rust_mozprofileEY90ea"
Can't find symbol 'eglSwapBuffersWithDamageEXT'.
JavaScript error: resource://gre/modules/XULStore.jsm, line 66: Error: Can't find profile directory.
console.warn: SearchSettings: "get: No settings file exists, new profile?" (new Error("", "(unknown module)"))
1603731644072	Marionette	INFO	Listening on port 50931
1603731644198	Marionette	WARN	TLS certificate errors will be ignored for this session
Marionette threw an error: TypeError: this.curBrowser.messageManager is null
GeckoDriver.prototype.sendAsync@chrome://marionette/content/driver.js:361:5
send/<@chrome://marionette/content/proxy.js:190:12
send@chrome://marionette/content/proxy.js:124:12
get/<@chrome://marionette/content/proxy.js:37:29
GeckoDriver.prototype.clickElement@chrome://marionette/content/driver.js:2168:42


###!!! [Child][RunMessage] Error: Channel closing: too late to send/recv, messages will be lost

1603731691968	Marionette	INFO	Stopped listening on port 50931

###!!! [Child][RunMessage] Error: Channel closing: too late to send/recv, messages will be lost


###!!! [Child][MessageChannel::SendAndWait] Error: Channel error: cannot send/recv

1603731816945	geckodriver	INFO	Listening on 127.0.0.1:51005
1603731820025	mozrunner::runner	INFO	Running command: "C:\\Program Files\\Mozilla Firefox\\firefox.exe" "--marionette" "-foreground" "-no-remote" "-profile" "C:\\Users\\javi1\\AppData\\Local\\Temp\\rust_mozprofilex2H0TF"
Can't find symbol 'eglSwapBuffersWithDamageEXT'.
JavaScript error: resource://gre/modules/XULStore.jsm, line 66: Error: Can't find profile directory.
console.warn: SearchSettings: "get: No settings file exists, new profile?" (new Error("", "(unknown module)"))
1603731823844	Marionette	INFO	Listening on port 51013
1603731824235	Marionette	WARN	TLS certificate errors will be ignored for this session
1603731843349	Marionette	INFO	Stopped listening on port 51013

###!!! [Child][RunMessage] Error: Channel closing: too late to send/recv, messages will be lost


###!!! [Child][MessageChannel::SendAndWait] Error: Channel error: cannot send/recv

Temp\\rust_mozprofileoqeUj2"
Can't find symbol 'eglSwapBuffersWithDamageEXT'.
JavaScript error: resource://gre/modules/XULStore.jsm, line 66: Error: Can't find profile directory.
console.warn: SearchSettings: "get: No settings file exists, new profile?" (new Error("", "(unknown module)"))
1603731840991	Marionette	INFO	Listening on port 51080
1603731841316	Marionette	WARN	TLS certificate errors will be ignored for this session

###!!! [Child][RunMessage] Error: Channel closing: too late to send/recv, messages will be lost

1603731869509	Marionette	INFO	Stopped listening on port 51080

###!!! [Child][RunMessage] Error: Channel closing: too late to send/recv, messages will be lost


###!!! [Child][MessageChannel::SendAndWait] Error: Channel error: cannot send/recv

1603731876100	geckodriver	INFO	Listening on 127.0.0.1:51138
1603731879145	mozrunner::runner	INFO	Running command: "C:\\Program Files\\Mozilla Firefox\\firefox.exe" "--marionette" "-foreground" "-no-remote" "-profile" "C:\\Users\\javi1\\AppData\\Local\\Temp\\rust_mozprofileuyZG3w"
Can't find symbol 'eglSwapBuffersWithDamageEXT'.
JavaScript error: resource://gre/modules/XULStore.jsm, line 66: Error: Can't find profile directory.
console.warn: SearchSettings: "get: No settings file exists, new profile?" (new Error("", "(unknown module)"))
1603731882740	Marionette	INFO	Listening on port 51146
1603731882847	Marionette	WARN	TLS certificate errors will be ignored for this session
1603732238750	Marionette	INFO	Stopped listening on port 51146

###!!! [Child][RunMessage] Error: Channel closing: too late to send/recv, messages will be lost


###!!! [Child][MessageChannel::SendAndWait] Error: Channel error: cannot send/recv

Temp\\rust_mozprofilemGC8O5"
Can't find symbol 'eglSwapBuffersWithDamageEXT'.
JavaScript error: resource://gre/modules/XULStore.jsm, line 66: Error: Can't find profile directory.
console.warn: SearchSettings: "get: No settings file exists, new profile?" (new Error("", "(unknown module)"))
1603731953434	Marionette	INFO	Listening on port 51213
1603731953586	Marionette	WARN	TLS certificate errors will be ignored for this session
1603731955870	Marionette	INFO	Stopped listening on port 51213

###!!! [Child][RunMessage] Error: Channel closing: too late to send/recv, messages will be lost


###!!! [Child][MessageChannel::SendAndWait] Error: Channel error: cannot send/recv

1603732243963	geckodriver	INFO	Listening on 127.0.0.1:51309
1603732247039	mozrunner::runner	INFO	Running command: "C:\\Program Files\\Mozilla Firefox\\firefox.exe" "--marionette" "-foreground" "-no-remote" "-profile" "C:\\Users\\javi1\\AppData\\Local\\Temp\\rust_mozprofilesfTgj5"
Can't find symbol 'eglSwapBuffersWithDamageEXT'.
JavaScript error: resource://gre/modules/XULStore.jsm, line 66: Error: Can't find profile directory.
console.warn: SearchSettings: "get: No settings file exists, new profile?" (new Error("", "(unknown module)"))
1603732251165	Marionette	INFO	Listening on port 51318
1603732251231	Marionette	WARN	TLS certificate errors will be ignored for this session
1603732283601	Marionette	INFO	Stopped listening on port 51318

###!!! [Child][RunMessage] Error: Channel closing: too late to send/recv, messages will be lost


###!!! [Child][MessageChannel::SendAndWait] Error: Channel error: cannot send/recv

1603732473641	geckodriver	INFO	Listening on 127.0.0.1:51457
1603732476711	mozrunner::runner	INFO	Running command: "C:\\Program Files\\Mozilla Firefox\\firefox.exe" "--marionette" "-foreground" "-no-remote" "-profile" "C:\\Users\\javi1\\AppData\\Local\\Temp\\rust_mozprofile5DG3jV"
Can't find symbol 'eglSwapBuffersWithDamageEXT'.
JavaScript error: resource://gre/modules/XULStore.jsm, line 66: Error: Can't find profile directory.
console.warn: SearchSettings: "get: No settings file exists, new profile?" (new Error("", "(unknown module)"))
1603732480017	Marionette	INFO	Listening on port 51465
1603732480410	Marionette	WARN	TLS certificate errors will be ignored for this session
1603732524527	Marionette	INFO	Stopped listening on port 51465

###!!! [Child][RunMessage] Error: Channel closing: too late to send/recv, messages will be lost


###!!! [Child][MessageChannel::SendAndWait] Error: Channel error: cannot send/recv

1603732767153	geckodriver	INFO	Listening on 127.0.0.1:51752
1603732770081	mozrunner::runner	INFO	Running command: "C:\\Program Files\\Mozilla Firefox\\firefox.exe" "--marionette" "-foreground" "-no-remote" "-profile" "C:\\Users\\javi1\\AppData\\Local\\Temp\\rust_mozprofileLhV8O2"
Can't find symbol 'eglSwapBuffersWithDamageEXT'.
JavaScript error: resource://gre/modules/XULStore.jsm, line 66: Error: Can't find profile directory.
console.warn: SearchSettings: "get: No settings file exists, new profile?" (new Error("", "(unknown module)"))
1603732774745	Marionette	INFO	Listening on port 51762
1603732775169	Marionette	WARN	TLS certificate errors will be ignored for this session

###!!! [Child][RunMessage] Error: Channel closing: too late to send/recv, messages will be lost

1603733994272	Marionette	INFO	Stopped listening on port 51762

###!!! [Child][MessageChannel::SendAndWait] Error: Channel error: cannot send/recv

Temp\\rust_mozprofileGk2Iau"
Can't find symbol 'eglSwapBuffersWithDamageEXT'.
JavaScript error: resource://gre/modules/XULStore.jsm, line 66: Error: Can't find profile directory.
console.warn: SearchSettings: "get: No settings file exists, new profile?" (new Error("", "(unknown module)"))
1603733995634	Marionette	INFO	Listening on port 52211
1603733996252	Marionette	INFO	Stopped listening on port 52211

###!!! [Child][RunMessage] Error: Channel closing: too late to send/recv, messages will be lost


###!!! [Child][MessageChannel::SendAndWait] Error: Channel error: cannot send/recv

1603734058721	geckodriver	INFO	Listening on 127.0.0.1:52251
1603734061792	mozrunner::runner	INFO	Running command: "C:\\Program Files\\Mozilla Firefox\\firefox.exe" "--marionette" "-foreground" "-no-remote" "-profile" "C:\\Users\\javi1\\AppData\\Local\\Temp\\rust_mozprofileGPStnu"
Can't find symbol 'eglSwapBuffersWithDamageEXT'.
JavaScript error: resource://gre/modules/XULStore.jsm, line 66: Error: Can't find profile directory.
console.warn: SearchSettings: "get: No settings file exists, new profile?" (new Error("", "(unknown module)"))
1603734064407	Marionette	INFO	Listening on port 52259
1603734064472	Marionette	WARN	TLS certificate errors will be ignored for this session

###!!! [Child][RunMessage] Error: Channel closing: too late to send/recv, messages will be lost

1603734106367	Marionette	INFO	Stopped listening on port 52259

###!!! [Child][RunMessage] Error: Channel closing: too late to send/recv, messages will be lost


###!!! [Child][MessageChannel::SendAndWait] Error: Channel error: cannot send/recv

urce://gre/modules/XULStore.jsm, line 66: Error: Can't find profile directory.
console.warn: SearchSettings: "get: No settings file exists, new profile?" (new Error("", "(unknown module)"))
1603734107315	Marionette	INFO	Listening on port 52326
1603734107597	Marionette	WARN	TLS certificate errors will be ignored for this session
JavaScript error: https://www.facebook.com/instagram/login_sync/, line 4: ReferenceError: requireLazy is not defined
JavaScript error: https://www.facebook.com/instagram/login_sync/, line 9: ReferenceError: requireLazy is not defined
JavaScript error: https://www.facebook.com/instagram/login_sync/, line 10: ReferenceError: requireLazy is not defined
JavaScript error: https://www.facebook.com/instagram/login_sync/, line 11: ReferenceError: requireLazy is not defined
1603734179646	Marionette	INFO	Stopped listening on port 52321603734181921	mozrunner::runner	INFO	Running command: "C:\\Program Files\\Mozilla Firefox\\firefox.exe" "--marionette" "-foreground" "-no-remote" "-profile" "C:\\Users\\javi1\\AppData\\Local\\Temp\\rust_mozprofilezpSMgQ"
Can't find symbol 'eglSwapBuffersWithDamageEXT'.
JavaScript error: resource://gre/modules/XULStore.jsm, line 66: Error: Can't find profile directory.
console.warn: SearchSettings: "get: No settings file exists, new profile?" (new Error("", "(unknown module)"))
1603734184577	Marionette	INFO	Listening on port 52402
1603734185095	Marionette	WARN	TLS certificate errors will be ignored for this session
1603734235456	Marionette	INFO	Stopped listening on port 52402

###!!! [Child][RunMessage] Error: Channel closing: too late to send/recv, messages will be lost


###!!! [Child][MessageChannel::SendAndWait] Error: Channel error: cannot send/recv

Temp\\rust_mozprofileZFYpip"
Can't find symbol 'eglSwapBuffersWithDamageEXT'.
JavaScript error: resource://gre/modules/XULStore.jsm, line 66: Error: Can't find profile directory.
console.warn: SearchSettings: "get: No settings file exists, new profile?" (new Error("", "(unknown module)"))
1603734237530	Marionette	INFO	Listening on port 52468
1603734237703	Marionette	WARN	TLS certificate errors will be ignored for this session
1603734267311	Marionette	INFO	Stopped listening on port 52468

###!!! [Child][RunMessage] Error: Channel closing: too late to send/recv, messages will be lost


###!!! [Child][MessageChannel::SendAndWait] Error: Channel error: cannot send/recv

1605034985771	geckodriver	INFO	Listening on 127.0.0.1:49863
1605034988867	mozrunner::runner	INFO	Running command: "C:\\Program Files\\Mozilla Firefox\\firefox.exe" "--marionette" "-foreground" "-no-remote" "-profile" "C:\\Users\\javi1\\AppData\\Local\\Temp\\rust_mozprofileNXKWuc"
Can't find symbol 'eglSwapBuffersWithDamageEXT'.
JavaScript error: resource://gre/modules/XULStore.jsm, line 66: Error: Can't find profile directory.
console.warn: SearchSettings: "get: No settings file exists, new profile?" (new Error("", "(unknown module)"))
1605034992845	Marionette	INFO	Listening on port 49871
1605034993059	Marionette	WARN	TLS certificate errors will be ignored for this session
1605035018122	Marionette	INFO	Stopped listening on port 49871

###!!! [Child][RunMessage] Error: Channel closing: too late to send/recv, messages will be lost


###!!! [Child][MessageChannel::SendAndWait] Error: Channel error: cannot send/recv

1605035028342	geckodriver	INFO	Listening on 127.0.0.1:49918
1605035031397	mozrunner::runner	INFO	Running command: "C:\\Program Files\\Mozilla Firefox\\firefox.exe" "--marionette" "-foreground" "-no-remote" "-profile" "C:\\Users\\javi1\\AppData\\Local\\Temp\\rust_mozprofilewS2u9r"
Can't find symbol 'eglSwapBuffersWithDamageEXT'.
JavaScript error: resource://gre/modules/XULStore.jsm, line 66: Error: Can't find profile directory.
console.warn: SearchSettings: "get: No settings file exists, new profile?" (new Error("", "(unknown module)"))
1605035034214	Marionette	INFO	Listening on port 49926
1605035034582	Marionette	WARN	TLS certificate errors will be ignored for this session
1605035047629	Marionette	INFO	Stopped listening on port 49926

###!!! [Child][RunMessage] Error: Channel closing: too late to send/recv, messages will be lost


###!!! [Child][MessageChannel::SendAndWait] Error: Channel error: cannot send/recv

1605035071187	geckodriver	INFO	Listening on 127.0.0.1:49987
1605035074232	mozrunner::runner	INFO	Running command: "C:\\Program Files\\Mozilla Firefox\\firefox.exe" "--marionette" "-foreground" "-no-remote" "-profile" "C:\\Users\\javi1\\AppData\\Local\\Temp\\rust_mozprofilecEuef7"
Can't find symbol 'eglSwapBuffersWithDamageEXT'.
JavaScript error: resource://gre/modules/XULStore.jsm, line 66: Error: Can't find profile directory.
console.warn: SearchSettings: "get: No settings file exists, new profile?" (new Error("", "(unknown module)"))
1605035076924	Marionette	INFO	Listening on port 49995
1605035077410	Marionette	WARN	TLS certificate errors will be ignored for this session
1605035127715	geckodriver	INFO	Listening on 127.0.0.1:50052
1605035130793	mozrunner::runner	INFO	Running command: "C:\\Program Files\\Mozilla Firefox\\firefox.exe" "--marionette" "-foreground" "-no-remote" "-profile" "C:\\Users\\javi1\\AppData\\Local\\Temp\\rust_mozprofilebGWEmR"
Can't find symbol 'eglSwapBuffersWithDamageEXT'.
JavaScript error: resource://gre/modules/XULStore.jsm, line 66: Error: Can't find profile directory.
console.warn: SearchSettings: "get: No settings file exists, new profile?" (new Error("", "(unknown module)"))
1605035133622	Marionette	INFO	Listening on port 50060
1605035133983	Marionette	WARN	TLS certificate errors will be ignored for this session

###!!! [Child][RunMessage] Error: Channel closing: too lat1605035218042	mozrunner::runner	INFO	Running command: "C:\\Program Files\\Mozilla Firefox\\firefox.exe" "--marionette" "-foreground" "-no-remote" "-profile" "C:\\Users\\javi1\\AppData\\Local\\Temp\\rust_mozprofileH9F1WN"
Can't find symbol 'eglSwapBuffersWithDamageEXT'.
JavaScript error: resource://gre/modules/XULStore.jsm, line 66: Error: Can't find profile directory.
console.warn: SearchSettings: "get: No settings file exists, new profile?" (new Error("", "(unknown module)"))
1605035220801	Marionette	INFO	Listening on port 50132
1605035221210	Marionette	WARN	TLS certificate errors will be ignored for this session

###!!! [Child][RunMessage] Error: Channel closing: too late to send/recv, messages will be lost

1605035489303	Marionette	INFO	Stopped listening on port 50132

###!!! [Child][RunMessage] Error: Channel closing: too late to send/recv, messages will be lost


###!!! [Child][MessageChannel::SendAndWait] Error: Channel error: cannot send/recv

1605035729393	geckodriver	INFO	Listening on 127.0.0.1:50203
1605035732444	mozrunner::runner	INFO	Running command: "C:\\Program Files\\Mozilla Firefox\\firefox.exe" "--marionette" "-foreground" "-no-remote" "-profile" "C:\\Users\\javi1\\AppData\\Local\\Temp\\rust_mozprofilek2BMLF"
Can't find symbol 'eglSwapBuffersWithDamageEXT'.
JavaScript error: resource://gre/modules/XULStore.jsm, line 66: Error: Can't find profile directory.
console.warn: SearchSettings: "get: No settings file exists, new profile?" (new Error("", "(unknown module)"))
1605035735198	Marionette	INFO	Listening on port 50211
1605035735609	Marionette	WARN	TLS certificate errors will be ignored for this session
1605035799422	Marionette	INFO	Stopped listening on port 50211605035799805	mozrunner::runner	INFO	Running command: "C:\\Program Files\\Mozilla Firefox\\firefox.exe" "--marionette" "-foreground" "-no-remote" "-profile" "C:\\Users\\javi1\\AppData\\Local\\Temp\\rust_mozprofileonqwpO"
Can't find symbol 'eglSwapBuffersWithDamageEXT'.
JavaScript error: resource://gre/modules/XULStore.jsm, line 66: Error: Can't find profile directory.
console.warn: SearchSettings: "get: No settings file exists, new profile?" (new Error("", "(unknown module)"))
1605035802626	Marionette	INFO	Listening on port 50342
1605035802982	Marionette	WARN	TLS certificate errors will be ignored for this session

###!!! [Child][RunMessage] Error: Channel closing: too late to send/recv, messages will be lost


###!!! [Child][RunMessage] Error: Channel closing: too late to send/recv, messages will be lost


###!!! [Child][RunMessage] Error: Channel closing: too late to send/recv, messages will be lost

1605035856563	Marionette	INFO	Stopped listening on port 50342

###!!! [Child][RunMessage] Error: Channel closing: too late to send/recv, messages will be lost


###!!! [Child][MessageChannel::SendAndWait] Error: Channel error: cannot send/recv

1605035972135	geckodriver	INFO	Listening on 127.0.0.1:50414
1605035975205	mozrunner::runner	INFO	Running command: "C:\\Program Files\\Mozilla Firefox\\firefox.exe" "--marionette" "-foreground" "-no-remote" "-profile" "C:\\Users\\javi1\\AppData\\Local\\Temp\\rust_mozprofileFnucMn"
Can't find symbol 'eglSwapBuffersWithDamageEXT'.
JavaScript error: resource://gre/modules/XULStore.jsm, line 66: Error: Can't find profile directory.
console.warn: SearchSettings: "get: No settings file exists, new profile?" (new Error("", "(unknown module)"))
1605035978105	Marionette	INFO	Listening on port 50422
1605035978395	Marionette	WARN	TLS certificate errors will be ignored for this session

###!!! [Child][RunMessage] Error: Channel closing: too lat1605036056548	mozrunner::runner	INFO	Running command: "C:\\Program Files\\Mozilla Firefox\\firefox.exe" "--marionette" "-foreground" "-no-remote" "-profile" "C:\\Users\\javi1\\AppData\\Local\\Temp\\rust_mozprofileRBdHYu"
Can't find symbol 'eglSwapBuffersWithDamageEXT'.
JavaScript error: resource://gre/modules/XULStore.jsm, line 66: Error: Can't find profile directory.
console.warn: SearchSettings: "get: No settings file exists, new profile?" (new Error("", "(unknown module)"))
1605036059516	Marionette	INFO	Listening on port 50488
1605036059727	Marionette	WARN	TLS certificate errors will be ignored for this session

###!!! [Child][RunMessage] Error: Channel closing: too late to send/recv, messages will be lost


###!!! [Child][RunMessage] Error: Channel closing: too late to send/recv, messages will be lost

1605037808624	Marionette	INFO	Stopped listening on port 50488

###!!! [Child][RunMessage] Error: Channel closing: too late to send/recv, messages will be lost


###!!! [Child][MessageChannel::SendAndWait] Error: Channel error: cannot send/recv

